<?xml version="1.0" encoding="UTF-8"?>
<testsuites name="jest tests" tests="2" failures="2" time="1.112">
  <testsuite name="Random Movies API Endpoints..." errors="0" failures="2" skipped="0" timestamp="2020-02-03T04:04:32" time="0.69" tests="2">
    <testcase classname="Random Movies API Endpoints... /v1/movie" name="Random Movies API Endpoints... /v1/movie" time="0.02">
      <failure>Error: expect(received).toHaveProperty(path)

Expected path: &quot;director&quot;
Received path: []

Received value: {&quot;Director&quot;: &quot;Derek Cianfrance&quot;, &quot;Title&quot;: &quot;The Light Between Oceans&quot;}
    at Object.&lt;anonymous&gt; (/home/roots/codenation/nodejs-5/test/submit.test.js:12:22)
    at processTicksAndRejections (internal/process/task_queues.js:94:5)</failure>
    </testcase>
    <testcase classname="Random Movies API Endpoints... /v1/movie/:director" name="Random Movies API Endpoints... /v1/movie/:director" time="0.003">
      <failure>Error: expect(received).toHaveProperty(path)

Expected path: &quot;director&quot;
Received path: []

Received value: {&quot;Director&quot;: &quot;Quentin Tarantino&quot;, &quot;Title&quot;: &quot;Death Proof&quot;}
    at Object.&lt;anonymous&gt; (/home/roots/codenation/nodejs-5/test/submit.test.js:24:22)
    at processTicksAndRejections (internal/process/task_queues.js:94:5)</failure>
    </testcase>
  </testsuite>
</testsuites>